# JRE version: Java(TM) SE Runtime Environment (9.0+11) (build 9.0.1+11)
# Java VM: Java HotSpot(TM) 64-Bit Server VM (9.0.1+11, mixed mode, tiered, compressed oops, g1 gc, bsd-amd64)
Heap:
 garbage-first heap   total 131072K, used 52687K [0x0000000740000000, 0x0000000740100400, 0x00000007c0000000)
  region size 1024K, 14 young (14336K), 2 survivors (2048K)
 Metaspace       used 25037K, capacity 27304K, committed 27516K, reserved 1073152K
  class space    used 3211K, capacity 3619K, committed 3708K, reserved 1048576K
GC Heap History (6 events):
Event: 1.303 GC heap before
{Heap before GC invocations=0 (full 0):
 garbage-first heap   total 131072K, used 16384K [0x0000000740000000, 0x0000000740100400, 0x00000007c0000000)
  region size 1024K, 14 young (14336K), 0 survivors (0K)
 Metaspace       used 15322K, capacity 16326K, committed 16640K, reserved 1064960K
  class space    used 1763K, capacity 1963K, committed 2048K, reserved 1048576K
}
Event: 1.310 GC heap after
{Heap after GC invocations=1 (full 0):
 garbage-first heap   total 131072K, used 6204K [0x0000000740000000, 0x0000000740100400, 0x00000007c0000000)
  region size 1024K, 2 young (2048K), 2 survivors (2048K)
 Metaspace       used 15322K, capacity 16326K, committed 16640K, reserved 1064960K
  class space    used 1763K, capacity 1963K, committed 2048K, reserved 1048576K
}
Event: 1.740 GC heap before
{Heap before GC invocations=1 (full 0):
 garbage-first heap   total 131072K, used 12348K [0x0000000740000000, 0x0000000740100400, 0x00000007c0000000)
  region size 1024K, 8 young (8192K), 2 survivors (2048K)
 Metaspace       used 18216K, capacity 19388K, committed 19712K, reserved 1067008K
  class space    used 2220K, capacity 2448K, committed 2560K, reserved 1048576K
}
Event: 1.749 GC heap after
{Heap after GC invocations=2 (full 0):
 garbage-first heap   total 131072K, used 8180K [0x0000000740000000, 0x0000000740100400, 0x00000007c0000000)
  region size 1024K, 1 young (1024K), 1 survivors (1024K)
 Metaspace       used 18216K, capacity 19388K, committed 19712K, reserved 1067008K
  class space    used 2220K, capacity 2448K, committed 2560K, reserved 1048576K
}
Event: 1.859 GC heap before
{Heap before GC invocations=2 (full 0):
 garbage-first heap   total 131072K, used 11252K [0x0000000740000000, 0x0000000740100400, 0x00000007c0000000)
  region size 1024K, 5 young (5120K), 1 survivors (1024K)
 Metaspace       used 19506K, capacity 21192K, committed 21248K, reserved 1067008K
  class space    used 2478K, capacity 2780K, committed 2816K, reserved 1048576K
}
Event: 1.862 GC heap after
{Heap after GC invocations=3 (full 0):
 garbage-first heap   total 131072K, used 8655K [0x0000000740000000, 0x0000000740100400, 0x00000007c0000000)
  region size 1024K, 2 young (2048K), 2 survivors (2048K)
 Metaspace       used 19506K, capacity 21192K, committed 21248K, reserved 1067008K
  class space    used 2478K, capacity 2780K, committed 2816K, reserved 1048576K
}

