# JRE version: Java(TM) SE Runtime Environment (9.0+11) (build 9.0.1+11)
# Java VM: Java HotSpot(TM) 64-Bit Server VM (9.0.1+11, mixed mode, tiered, compressed oops, g1 gc, bsd-amd64)
Heap:
 garbage-first heap   total 131072K, used 71059K [0x0000000740000000, 0x0000000740100400, 0x00000007c0000000)
  region size 1024K, 5 young (5120K), 3 survivors (3072K)
 Metaspace       used 25675K, capacity 27998K, committed 28284K, reserved 1073152K
  class space    used 3218K, capacity 3654K, committed 3708K, reserved 1048576K
GC Heap History (10 events):
Event: 1.643 GC heap before
{Heap before GC invocations=2 (full 0):
 garbage-first heap   total 131072K, used 10175K [0x0000000740000000, 0x0000000740100400, 0x00000007c0000000)
  region size 1024K, 4 young (4096K), 1 survivors (1024K)
 Metaspace       used 19443K, capacity 21146K, committed 21248K, reserved 1067008K
  class space    used 2463K, capacity 2747K, committed 2816K, reserved 1048576K
}
Event: 1.646 GC heap after
{Heap after GC invocations=3 (full 0):
 garbage-first heap   total 131072K, used 8686K [0x0000000740000000, 0x0000000740100400, 0x00000007c0000000)
  region size 1024K, 2 young (2048K), 2 survivors (2048K)
 Metaspace       used 19443K, capacity 21146K, committed 21248K, reserved 1067008K
  class space    used 2463K, capacity 2747K, committed 2816K, reserved 1048576K
}
Event: 28.614 GC heap before
{Heap before GC invocations=4 (full 0):
 garbage-first heap   total 131072K, used 77294K [0x0000000740000000, 0x0000000740100400, 0x00000007c0000000)
  region size 1024K, 20 young (20480K), 2 survivors (2048K)
 Metaspace       used 24283K, capacity 26436K, committed 26620K, reserved 1073152K
  class space    used 3099K, capacity 3479K, committed 3580K, reserved 1048576K
}
Event: 28.623 GC heap after
{Heap after GC invocations=5 (full 0):
 garbage-first heap   total 131072K, used 61717K [0x0000000740000000, 0x0000000740100400, 0x00000007c0000000)
  region size 1024K, 4 young (4096K), 4 survivors (4096K)
 Metaspace       used 24283K, capacity 26436K, committed 26620K, reserved 1073152K
  class space    used 3099K, capacity 3479K, committed 3580K, reserved 1048576K
}
Event: 30.049 GC heap before
{Heap before GC invocations=6 (full 0):
 garbage-first heap   total 131072K, used 63765K [0x0000000740000000, 0x0000000740100400, 0x00000007c0000000)
  region size 1024K, 5 young (5120K), 4 survivors (4096K)
 Metaspace       used 24303K, capacity 26468K, committed 26620K, reserved 1073152K
  class space    used 3100K, capacity 3511K, committed 3580K, reserved 1048576K
}
Event: 30.057 GC heap after
{Heap after GC invocations=7 (full 0):
 garbage-first heap   total 131072K, used 63936K [0x0000000740000000, 0x0000000740100400, 0x00000007c0000000)
  region size 1024K, 3 young (3072K), 3 survivors (3072K)
 Metaspace       used 24303K, capacity 26468K, committed 26620K, reserved 1073152K
  class space    used 3100K, capacity 3511K, committed 3580K, reserved 1048576K
}
Event: 31.323 GC heap before
{Heap before GC invocations=8 (full 0):
 garbage-first heap   total 131072K, used 65984K [0x0000000740000000, 0x0000000740100400, 0x00000007c0000000)
  region size 1024K, 4 young (4096K), 3 survivors (3072K)
 Metaspace       used 24311K, capacity 26532K, committed 26876K, reserved 1073152K
  class space    used 3100K, capacity 3511K, committed 3580K, reserved 1048576K
}
Event: 31.331 GC heap after
{Heap after GC invocations=9 (full 0):
 garbage-first heap   total 131072K, used 65844K [0x0000000740000000, 0x0000000740100400, 0x00000007c0000000)
  region size 1024K, 2 young (2048K), 2 survivors (2048K)
 Metaspace       used 24311K, capacity 26532K, committed 26876K, reserved 1073152K
  class space    used 3100K, capacity 3511K, committed 3580K, reserved 1048576K
}
Event: 32.403 GC heap before
{Heap before GC invocations=10 (full 0):
 garbage-first heap   total 131072K, used 68916K [0x0000000740000000, 0x0000000740100400, 0x00000007c0000000)
  region size 1024K, 4 young (4096K), 2 survivors (2048K)
 Metaspace       used 24319K, capacity 26532K, committed 26876K, reserved 1073152K
  class space    used 3100K, capacity 3511K, committed 3580K, reserved 1048576K
}
Event: 32.409 GC heap after
{Heap after GC invocations=11 (full 0):
 garbage-first heap   total 131072K, used 67987K [0x0000000740000000, 0x0000000740100400, 0x00000007c0000000)
  region size 1024K, 3 young (3072K), 3 survivors (3072K)
 Metaspace       used 24319K, capacity 26532K, committed 26876K, reserved 1073152K
  class space    used 3100K, capacity 3511K, committed 3580K, reserved 1048576K
}

