# JRE version: Java(TM) SE Runtime Environment (9.0+11) (build 9.0.1+11)
# Java VM: Java HotSpot(TM) 64-Bit Server VM (9.0.1+11, mixed mode, tiered, compressed oops, g1 gc, bsd-amd64)
Heap:
 garbage-first heap   total 131072K, used 66753K [0x0000000740000000, 0x0000000740100400, 0x00000007c0000000)
  region size 1024K, 20 young (20480K), 2 survivors (2048K)
 Metaspace       used 25562K, capacity 27842K, committed 28032K, reserved 1073152K
  class space    used 3215K, capacity 3622K, committed 3712K, reserved 1048576K
GC Heap History (6 events):
Event: 3.381 GC heap before
{Heap before GC invocations=0 (full 0):
 garbage-first heap   total 131072K, used 16384K [0x0000000740000000, 0x0000000740100400, 0x00000007c0000000)
  region size 1024K, 14 young (14336K), 0 survivors (0K)
 Metaspace       used 15324K, capacity 16322K, committed 16640K, reserved 1064960K
  class space    used 1763K, capacity 1963K, committed 2048K, reserved 1048576K
}
Event: 3.392 GC heap after
{Heap after GC invocations=1 (full 0):
 garbage-first heap   total 131072K, used 6168K [0x0000000740000000, 0x0000000740100400, 0x00000007c0000000)
  region size 1024K, 2 young (2048K), 2 survivors (2048K)
 Metaspace       used 15324K, capacity 16322K, committed 16640K, reserved 1064960K
  class space    used 1763K, capacity 1963K, committed 2048K, reserved 1048576K
}
Event: 3.522 GC heap before
{Heap before GC invocations=1 (full 0):
 garbage-first heap   total 131072K, used 10264K [0x0000000740000000, 0x0000000740100400, 0x00000007c0000000)
  region size 1024K, 6 young (6144K), 2 survivors (2048K)
 Metaspace       used 16882K, capacity 17896K, committed 18176K, reserved 1064960K
  class space    used 1995K, capacity 2186K, committed 2304K, reserved 1048576K
}
Event: 3.529 GC heap after
{Heap after GC invocations=2 (full 0):
 garbage-first heap   total 131072K, used 7363K [0x0000000740000000, 0x0000000740100400, 0x00000007c0000000)
  region size 1024K, 1 young (1024K), 1 survivors (1024K)
 Metaspace       used 16882K, capacity 17896K, committed 18176K, reserved 1064960K
  class space    used 1995K, capacity 2186K, committed 2304K, reserved 1048576K
}
Event: 3.971 GC heap before
{Heap before GC invocations=2 (full 0):
 garbage-first heap   total 131072K, used 11459K [0x0000000740000000, 0x0000000740100400, 0x00000007c0000000)
  region size 1024K, 6 young (6144K), 1 survivors (1024K)
 Metaspace       used 19433K, capacity 21146K, committed 21248K, reserved 1067008K
  class space    used 2451K, capacity 2747K, committed 2816K, reserved 1048576K
}
Event: 3.982 GC heap after
{Heap after GC invocations=3 (full 0):
 garbage-first heap   total 131072K, used 8385K [0x0000000740000000, 0x0000000740100400, 0x00000007c0000000)
  region size 1024K, 2 young (2048K), 2 survivors (2048K)
 Metaspace       used 19433K, capacity 21146K, committed 21248K, reserved 1067008K
  class space    used 2451K, capacity 2747K, committed 2816K, reserved 1048576K
}

